<<<<<<< HEAD
CRITICAL - 2020-04-13 19:31:56 --> syntax error, unexpected '<<' (T_SL)
#0 C:\xampp\htdocs\ylit\system\Autoloader\Autoloader.php(296): CodeIgniter\Autoloader\Autoloader->requireFile('C:\\xampp\\htdocs...')
#1 C:\xampp\htdocs\ylit\system\Autoloader\Autoloader.php(258): CodeIgniter\Autoloader\Autoloader->loadInNamespace('App\\Controllers...')
#2 [internal function]: CodeIgniter\Autoloader\Autoloader->loadClass('App\\Controllers...')
#3 [internal function]: spl_autoload_call('App\\Controllers...')
#4 C:\xampp\htdocs\ylit\system\CodeIgniter.php(861): class_exists('\\App\\Controller...', true)
#5 C:\xampp\htdocs\ylit\system\CodeIgniter.php(388): CodeIgniter\CodeIgniter->startController()
#6 C:\xampp\htdocs\ylit\system\CodeIgniter.php(306): CodeIgniter\CodeIgniter->handleRequest(NULL, Object(Config\Cache), false)
#7 C:\xampp\htdocs\ylit\public\index.php(45): CodeIgniter\CodeIgniter->run()
#8 {main}
CRITICAL - 2020-04-13 19:32:54 --> syntax error, unexpected '<<' (T_SL)
#0 C:\xampp\htdocs\ylit\system\Autoloader\Autoloader.php(296): CodeIgniter\Autoloader\Autoloader->requireFile('C:\\xampp\\htdocs...')
#1 C:\xampp\htdocs\ylit\system\Autoloader\Autoloader.php(258): CodeIgniter\Autoloader\Autoloader->loadInNamespace('App\\Controllers...')
#2 [internal function]: CodeIgniter\Autoloader\Autoloader->loadClass('App\\Controllers...')
#3 [internal function]: spl_autoload_call('App\\Controllers...')
#4 C:\xampp\htdocs\ylit\system\CodeIgniter.php(861): class_exists('\\App\\Controller...', true)
#5 C:\xampp\htdocs\ylit\system\CodeIgniter.php(388): CodeIgniter\CodeIgniter->startController()
#6 C:\xampp\htdocs\ylit\system\CodeIgniter.php(306): CodeIgniter\CodeIgniter->handleRequest(NULL, Object(Config\Cache), false)
#7 C:\xampp\htdocs\ylit\public\index.php(45): CodeIgniter\CodeIgniter->run()
#8 C:\xampp\htdocs\ylit\system\Commands\Server\rewrite.php(34): require_once('C:\\xampp\\htdocs...')
#9 {main}
CRITICAL - 2020-04-13 19:33:59 --> syntax error, unexpected '<<' (T_SL)
#0 C:\xampp\htdocs\ylit\system\Autoloader\Autoloader.php(296): CodeIgniter\Autoloader\Autoloader->requireFile('C:\\xampp\\htdocs...')
#1 C:\xampp\htdocs\ylit\system\Autoloader\Autoloader.php(258): CodeIgniter\Autoloader\Autoloader->loadInNamespace('App\\Controllers...')
#2 [internal function]: CodeIgniter\Autoloader\Autoloader->loadClass('App\\Controllers...')
#3 [internal function]: spl_autoload_call('App\\Controllers...')
#4 C:\xampp\htdocs\ylit\system\CodeIgniter.php(861): class_exists('\\App\\Controller...', true)
#5 C:\xampp\htdocs\ylit\system\CodeIgniter.php(388): CodeIgniter\CodeIgniter->startController()
#6 C:\xampp\htdocs\ylit\system\CodeIgniter.php(306): CodeIgniter\CodeIgniter->handleRequest(NULL, Object(Config\Cache), false)
#7 C:\xampp\htdocs\ylit\public\index.php(45): CodeIgniter\CodeIgniter->run()
#8 C:\xampp\htdocs\ylit\system\Commands\Server\rewrite.php(34): require_once('C:\\xampp\\htdocs...')
#9 {main}
CRITICAL - 2020-04-13 19:34:08 --> syntax error, unexpected '<<' (T_SL)
#0 C:\xampp\htdocs\ylit\system\Autoloader\Autoloader.php(296): CodeIgniter\Autoloader\Autoloader->requireFile('C:\\xampp\\htdocs...')
#1 C:\xampp\htdocs\ylit\system\Autoloader\Autoloader.php(258): CodeIgniter\Autoloader\Autoloader->loadInNamespace('App\\Controllers...')
#2 [internal function]: CodeIgniter\Autoloader\Autoloader->loadClass('App\\Controllers...')
#3 [internal function]: spl_autoload_call('App\\Controllers...')
#4 C:\xampp\htdocs\ylit\system\CodeIgniter.php(861): class_exists('\\App\\Controller...', true)
#5 C:\xampp\htdocs\ylit\system\CodeIgniter.php(388): CodeIgniter\CodeIgniter->startController()
#6 C:\xampp\htdocs\ylit\system\CodeIgniter.php(306): CodeIgniter\CodeIgniter->handleRequest(NULL, Object(Config\Cache), false)
#7 C:\xampp\htdocs\ylit\public\index.php(45): CodeIgniter\CodeIgniter->run()
#8 {main}
=======
CRITICAL - 2020-04-13 22:07:00 --> Call to a member function store() on null
#0 C:\xampp\htdocs\myCI4template\system\CodeIgniter.php(910): App\Controllers\UploadFiles->index()
#1 C:\xampp\htdocs\myCI4template\system\CodeIgniter.php(398): CodeIgniter\CodeIgniter->runController(Object(App\Controllers\UploadFiles))
#2 C:\xampp\htdocs\myCI4template\system\CodeIgniter.php(306): CodeIgniter\CodeIgniter->handleRequest(NULL, Object(Config\Cache), false)
#3 C:\xampp\htdocs\myCI4template\public\index.php(45): CodeIgniter\CodeIgniter->run()
#4 C:\xampp\htdocs\myCI4template\system\Commands\Server\rewrite.php(34): require_once('C:\\xampp\\htdocs...')
#5 {main}
CRITICAL - 2020-04-13 22:09:17 --> Call to a member function store() on null
#0 C:\xampp\htdocs\myCI4template\system\CodeIgniter.php(910): App\Controllers\UploadFiles->index()
#1 C:\xampp\htdocs\myCI4template\system\CodeIgniter.php(398): CodeIgniter\CodeIgniter->runController(Object(App\Controllers\UploadFiles))
#2 C:\xampp\htdocs\myCI4template\system\CodeIgniter.php(306): CodeIgniter\CodeIgniter->handleRequest(NULL, Object(Config\Cache), false)
#3 C:\xampp\htdocs\myCI4template\public\index.php(45): CodeIgniter\CodeIgniter->run()
#4 C:\xampp\htdocs\myCI4template\system\Commands\Server\rewrite.php(34): require_once('C:\\xampp\\htdocs...')
#5 {main}
CRITICAL - 2020-04-13 22:09:34 --> Call to a member function store() on null
#0 C:\xampp\htdocs\myCI4template\system\CodeIgniter.php(910): App\Controllers\UploadFiles->index()
#1 C:\xampp\htdocs\myCI4template\system\CodeIgniter.php(398): CodeIgniter\CodeIgniter->runController(Object(App\Controllers\UploadFiles))
#2 C:\xampp\htdocs\myCI4template\system\CodeIgniter.php(306): CodeIgniter\CodeIgniter->handleRequest(NULL, Object(Config\Cache), false)
#3 C:\xampp\htdocs\myCI4template\public\index.php(45): CodeIgniter\CodeIgniter->run()
#4 C:\xampp\htdocs\myCI4template\system\Commands\Server\rewrite.php(34): require_once('C:\\xampp\\htdocs...')
#5 {main}
CRITICAL - 2020-04-13 22:10:18 --> Argument 2 passed to view() must be of the type array, null given, called in C:\xampp\htdocs\myCI4template\app\Controllers\UploadFiles.php on line 18
#0 C:\xampp\htdocs\myCI4template\app\Controllers\UploadFiles.php(18): view('templates/conte...', NULL)
#1 C:\xampp\htdocs\myCI4template\system\CodeIgniter.php(910): App\Controllers\UploadFiles->index()
#2 C:\xampp\htdocs\myCI4template\system\CodeIgniter.php(398): CodeIgniter\CodeIgniter->runController(Object(App\Controllers\UploadFiles))
#3 C:\xampp\htdocs\myCI4template\system\CodeIgniter.php(306): CodeIgniter\CodeIgniter->handleRequest(NULL, Object(Config\Cache), false)
#4 C:\xampp\htdocs\myCI4template\public\index.php(45): CodeIgniter\CodeIgniter->run()
#5 C:\xampp\htdocs\myCI4template\system\Commands\Server\rewrite.php(34): require_once('C:\\xampp\\htdocs...')
#6 {main}
CRITICAL - 2020-04-13 22:37:59 --> syntax error, unexpected ';', expecting ')'
#0 C:\xampp\htdocs\myCI4template\system\Router\Router.php(192): CodeIgniter\Router\Router->autoRoute('UploadFiles')
#1 C:\xampp\htdocs\myCI4template\system\CodeIgniter.php(785): CodeIgniter\Router\Router->handle('UploadFiles')
#2 C:\xampp\htdocs\myCI4template\system\CodeIgniter.php(358): CodeIgniter\CodeIgniter->tryToRouteIt(Object(CodeIgniter\Router\RouteCollection))
#3 C:\xampp\htdocs\myCI4template\system\CodeIgniter.php(306): CodeIgniter\CodeIgniter->handleRequest(NULL, Object(Config\Cache), false)
#4 C:\xampp\htdocs\myCI4template\public\index.php(45): CodeIgniter\CodeIgniter->run()
#5 C:\xampp\htdocs\myCI4template\system\Commands\Server\rewrite.php(34): require_once('C:\\xampp\\htdocs...')
#6 {main}
CRITICAL - 2020-04-13 22:46:01 --> Call to a member function move() on null
#0 C:\xampp\htdocs\myCI4template\system\CodeIgniter.php(910): App\Controllers\UploadFiles->index()
#1 C:\xampp\htdocs\myCI4template\system\CodeIgniter.php(398): CodeIgniter\CodeIgniter->runController(Object(App\Controllers\UploadFiles))
#2 C:\xampp\htdocs\myCI4template\system\CodeIgniter.php(306): CodeIgniter\CodeIgniter->handleRequest(NULL, Object(Config\Cache), false)
#3 C:\xampp\htdocs\myCI4template\public\index.php(45): CodeIgniter\CodeIgniter->run()
#4 C:\xampp\htdocs\myCI4template\system\Commands\Server\rewrite.php(34): require_once('C:\\xampp\\htdocs...')
#5 {main}
>>>>>>> 69ac9ee08fc7c7325ba5dce8a57cc65438e6f03c
