CRITICAL - 2020-04-14 12:31:11 --> Call to a member function move() on null
#0 C:\xampp\htdocs\myCI4template\system\CodeIgniter.php(910): App\Controllers\UploadFiles->index()
#1 C:\xampp\htdocs\myCI4template\system\CodeIgniter.php(398): CodeIgniter\CodeIgniter->runController(Object(App\Controllers\UploadFiles))
#2 C:\xampp\htdocs\myCI4template\system\CodeIgniter.php(306): CodeIgniter\CodeIgniter->handleRequest(NULL, Object(Config\Cache), false)
#3 C:\xampp\htdocs\myCI4template\public\index.php(45): CodeIgniter\CodeIgniter->run()
#4 C:\xampp\htdocs\myCI4template\system\Commands\Server\rewrite.php(34): require_once('C:\\xampp\\htdocs...')
#5 {main}
CRITICAL - 2020-04-14 13:14:04 --> Argument 1 passed to CodeIgniter\Files\File::__construct() must be of the type string, null given, called in C:\xampp\htdocs\myCI4template\app\Controllers\UploadFiles.php on line 12
#0 C:\xampp\htdocs\myCI4template\app\Controllers\UploadFiles.php(12): CodeIgniter\Files\File->__construct(NULL)
#1 C:\xampp\htdocs\myCI4template\system\CodeIgniter.php(910): App\Controllers\UploadFiles->index()
#2 C:\xampp\htdocs\myCI4template\system\CodeIgniter.php(398): CodeIgniter\CodeIgniter->runController(Object(App\Controllers\UploadFiles))
#3 C:\xampp\htdocs\myCI4template\system\CodeIgniter.php(306): CodeIgniter\CodeIgniter->handleRequest(NULL, Object(Config\Cache), false)
#4 C:\xampp\htdocs\myCI4template\public\index.php(45): CodeIgniter\CodeIgniter->run()
#5 C:\xampp\htdocs\myCI4template\system\Commands\Server\rewrite.php(34): require_once('C:\\xampp\\htdocs...')
#6 {main}
CRITICAL - 2020-04-14 13:14:45 --> Argument 1 passed to CodeIgniter\Files\File::__construct() must be of the type string, null given, called in C:\xampp\htdocs\myCI4template\app\Controllers\BaseController.php on line 38
#0 C:\xampp\htdocs\myCI4template\app\Controllers\BaseController.php(38): CodeIgniter\Files\File->__construct(NULL)
#1 C:\xampp\htdocs\myCI4template\system\CodeIgniter.php(883): App\Controllers\BaseController->initController(Object(CodeIgniter\HTTP\IncomingRequest), Object(CodeIgniter\HTTP\Response), Object(CodeIgniter\Log\Logger))
#2 C:\xampp\htdocs\myCI4template\system\CodeIgniter.php(393): CodeIgniter\CodeIgniter->createController()
#3 C:\xampp\htdocs\myCI4template\system\CodeIgniter.php(306): CodeIgniter\CodeIgniter->handleRequest(NULL, Object(Config\Cache), false)
#4 C:\xampp\htdocs\myCI4template\public\index.php(45): CodeIgniter\CodeIgniter->run()
#5 C:\xampp\htdocs\myCI4template\system\Commands\Server\rewrite.php(34): require_once('C:\\xampp\\htdocs...')
#6 {main}
CRITICAL - 2020-04-14 13:14:57 --> Call to a member function move() on null
#0 C:\xampp\htdocs\myCI4template\system\CodeIgniter.php(910): App\Controllers\UploadFiles->index()
#1 C:\xampp\htdocs\myCI4template\system\CodeIgniter.php(398): CodeIgniter\CodeIgniter->runController(Object(App\Controllers\UploadFiles))
#2 C:\xampp\htdocs\myCI4template\system\CodeIgniter.php(306): CodeIgniter\CodeIgniter->handleRequest(NULL, Object(Config\Cache), false)
#3 C:\xampp\htdocs\myCI4template\public\index.php(45): CodeIgniter\CodeIgniter->run()
#4 C:\xampp\htdocs\myCI4template\system\Commands\Server\rewrite.php(34): require_once('C:\\xampp\\htdocs...')
#5 {main}
CRITICAL - 2020-04-14 13:15:07 --> Argument 1 passed to CodeIgniter\Files\File::__construct() must be of the type string, null given, called in C:\xampp\htdocs\myCI4template\app\Controllers\BaseController.php on line 38
#0 C:\xampp\htdocs\myCI4template\app\Controllers\BaseController.php(38): CodeIgniter\Files\File->__construct(NULL)
#1 C:\xampp\htdocs\myCI4template\system\CodeIgniter.php(883): App\Controllers\BaseController->initController(Object(CodeIgniter\HTTP\IncomingRequest), Object(CodeIgniter\HTTP\Response), Object(CodeIgniter\Log\Logger))
#2 C:\xampp\htdocs\myCI4template\system\CodeIgniter.php(393): CodeIgniter\CodeIgniter->createController()
#3 C:\xampp\htdocs\myCI4template\system\CodeIgniter.php(306): CodeIgniter\CodeIgniter->handleRequest(NULL, Object(Config\Cache), false)
#4 C:\xampp\htdocs\myCI4template\public\index.php(45): CodeIgniter\CodeIgniter->run()
#5 C:\xampp\htdocs\myCI4template\system\Commands\Server\rewrite.php(34): require_once('C:\\xampp\\htdocs...')
#6 {main}
CRITICAL - 2020-04-14 13:15:18 --> Argument 1 passed to CodeIgniter\Files\File::__construct() must be of the type string, null given, called in C:\xampp\htdocs\myCI4template\app\Controllers\BaseController.php on line 38
#0 C:\xampp\htdocs\myCI4template\app\Controllers\BaseController.php(38): CodeIgniter\Files\File->__construct(NULL)
#1 C:\xampp\htdocs\myCI4template\system\CodeIgniter.php(883): App\Controllers\BaseController->initController(Object(CodeIgniter\HTTP\IncomingRequest), Object(CodeIgniter\HTTP\Response), Object(CodeIgniter\Log\Logger))
#2 C:\xampp\htdocs\myCI4template\system\CodeIgniter.php(393): CodeIgniter\CodeIgniter->createController()
#3 C:\xampp\htdocs\myCI4template\system\CodeIgniter.php(306): CodeIgniter\CodeIgniter->handleRequest(NULL, Object(Config\Cache), false)
#4 C:\xampp\htdocs\myCI4template\public\index.php(45): CodeIgniter\CodeIgniter->run()
#5 C:\xampp\htdocs\myCI4template\system\Commands\Server\rewrite.php(34): require_once('C:\\xampp\\htdocs...')
#6 {main}
CRITICAL - 2020-04-14 13:15:20 --> Argument 1 passed to CodeIgniter\Files\File::__construct() must be of the type string, null given, called in C:\xampp\htdocs\myCI4template\app\Controllers\BaseController.php on line 38
#0 C:\xampp\htdocs\myCI4template\app\Controllers\BaseController.php(38): CodeIgniter\Files\File->__construct(NULL)
#1 C:\xampp\htdocs\myCI4template\system\CodeIgniter.php(883): App\Controllers\BaseController->initController(Object(CodeIgniter\HTTP\IncomingRequest), Object(CodeIgniter\HTTP\Response), Object(CodeIgniter\Log\Logger))
#2 C:\xampp\htdocs\myCI4template\system\CodeIgniter.php(393): CodeIgniter\CodeIgniter->createController()
#3 C:\xampp\htdocs\myCI4template\system\CodeIgniter.php(306): CodeIgniter\CodeIgniter->handleRequest(NULL, Object(Config\Cache), false)
#4 C:\xampp\htdocs\myCI4template\public\index.php(45): CodeIgniter\CodeIgniter->run()
#5 C:\xampp\htdocs\myCI4template\system\Commands\Server\rewrite.php(34): require_once('C:\\xampp\\htdocs...')
#6 {main}
CRITICAL - 2020-04-14 13:15:30 --> Call to a member function move() on null
#0 C:\xampp\htdocs\myCI4template\system\CodeIgniter.php(910): App\Controllers\UploadFiles->index()
#1 C:\xampp\htdocs\myCI4template\system\CodeIgniter.php(398): CodeIgniter\CodeIgniter->runController(Object(App\Controllers\UploadFiles))
#2 C:\xampp\htdocs\myCI4template\system\CodeIgniter.php(306): CodeIgniter\CodeIgniter->handleRequest(NULL, Object(Config\Cache), false)
#3 C:\xampp\htdocs\myCI4template\public\index.php(45): CodeIgniter\CodeIgniter->run()
#4 C:\xampp\htdocs\myCI4template\system\Commands\Server\rewrite.php(34): require_once('C:\\xampp\\htdocs...')
#5 {main}
CRITICAL - 2020-04-14 13:16:25 --> Call to a member function move() on null
#0 C:\xampp\htdocs\myCI4template\system\CodeIgniter.php(910): App\Controllers\UploadFiles->index()
#1 C:\xampp\htdocs\myCI4template\system\CodeIgniter.php(398): CodeIgniter\CodeIgniter->runController(Object(App\Controllers\UploadFiles))
#2 C:\xampp\htdocs\myCI4template\system\CodeIgniter.php(306): CodeIgniter\CodeIgniter->handleRequest(NULL, Object(Config\Cache), false)
#3 C:\xampp\htdocs\myCI4template\public\index.php(45): CodeIgniter\CodeIgniter->run()
#4 C:\xampp\htdocs\myCI4template\system\Commands\Server\rewrite.php(34): require_once('C:\\xampp\\htdocs...')
#5 {main}
CRITICAL - 2020-04-14 13:17:06 --> Call to a member function move() on null
#0 C:\xampp\htdocs\myCI4template\system\CodeIgniter.php(910): App\Controllers\UploadFiles->index()
#1 C:\xampp\htdocs\myCI4template\system\CodeIgniter.php(398): CodeIgniter\CodeIgniter->runController(Object(App\Controllers\UploadFiles))
#2 C:\xampp\htdocs\myCI4template\system\CodeIgniter.php(306): CodeIgniter\CodeIgniter->handleRequest(NULL, Object(Config\Cache), false)
#3 C:\xampp\htdocs\myCI4template\public\index.php(45): CodeIgniter\CodeIgniter->run()
#4 C:\xampp\htdocs\myCI4template\system\Commands\Server\rewrite.php(34): require_once('C:\\xampp\\htdocs...')
#5 {main}
CRITICAL - 2020-04-14 13:26:19 --> syntax error, unexpected 'config' (T_STRING), expecting variable (T_VARIABLE) or '{' or '$'
#0 C:\xampp\htdocs\myCI4template\system\Autoloader\Autoloader.php(296): CodeIgniter\Autoloader\Autoloader->requireFile('C:\\xampp\\htdocs...')
#1 C:\xampp\htdocs\myCI4template\system\Autoloader\Autoloader.php(258): CodeIgniter\Autoloader\Autoloader->loadInNamespace('App\\Controllers...')
#2 [internal function]: CodeIgniter\Autoloader\Autoloader->loadClass('App\\Controllers...')
#3 C:\xampp\htdocs\myCI4template\app\Controllers\UploadFiles.php(3): spl_autoload_call('App\\Controllers...')
#4 C:\xampp\htdocs\myCI4template\system\Router\Router.php(549): include_once('C:\\xampp\\htdocs...')
#5 C:\xampp\htdocs\myCI4template\system\Router\Router.php(192): CodeIgniter\Router\Router->autoRoute('UploadFiles')
#6 C:\xampp\htdocs\myCI4template\system\CodeIgniter.php(785): CodeIgniter\Router\Router->handle('UploadFiles')
#7 C:\xampp\htdocs\myCI4template\system\CodeIgniter.php(358): CodeIgniter\CodeIgniter->tryToRouteIt(Object(CodeIgniter\Router\RouteCollection))
#8 C:\xampp\htdocs\myCI4template\system\CodeIgniter.php(306): CodeIgniter\CodeIgniter->handleRequest(NULL, Object(Config\Cache), false)
#9 C:\xampp\htdocs\myCI4template\public\index.php(45): CodeIgniter\CodeIgniter->run()
#10 C:\xampp\htdocs\myCI4template\system\Commands\Server\rewrite.php(34): require_once('C:\\xampp\\htdocs...')
#11 {main}
CRITICAL - 2020-04-14 13:29:06 --> Undefined property: App\Controllers\UploadFiles::$load
#0 C:\xampp\htdocs\myCI4template\app\Controllers\BaseController.php(45): CodeIgniter\Debug\Exceptions->errorHandler(8, 'Undefined prope...', 'C:\\xampp\\htdocs...', 45, Array)
#1 C:\xampp\htdocs\myCI4template\system\CodeIgniter.php(883): App\Controllers\BaseController->initController(Object(CodeIgniter\HTTP\IncomingRequest), Object(CodeIgniter\HTTP\Response), Object(CodeIgniter\Log\Logger))
#2 C:\xampp\htdocs\myCI4template\system\CodeIgniter.php(393): CodeIgniter\CodeIgniter->createController()
#3 C:\xampp\htdocs\myCI4template\system\CodeIgniter.php(306): CodeIgniter\CodeIgniter->handleRequest(NULL, Object(Config\Cache), false)
#4 C:\xampp\htdocs\myCI4template\public\index.php(45): CodeIgniter\CodeIgniter->run()
#5 C:\xampp\htdocs\myCI4template\system\Commands\Server\rewrite.php(34): require_once('C:\\xampp\\htdocs...')
#6 {main}
CRITICAL - 2020-04-14 13:29:45 --> Call to undefined method App\Controllers\UploadFiles::library()
#0 C:\xampp\htdocs\myCI4template\system\CodeIgniter.php(883): App\Controllers\BaseController->initController(Object(CodeIgniter\HTTP\IncomingRequest), Object(CodeIgniter\HTTP\Response), Object(CodeIgniter\Log\Logger))
#1 C:\xampp\htdocs\myCI4template\system\CodeIgniter.php(393): CodeIgniter\CodeIgniter->createController()
#2 C:\xampp\htdocs\myCI4template\system\CodeIgniter.php(306): CodeIgniter\CodeIgniter->handleRequest(NULL, Object(Config\Cache), false)
#3 C:\xampp\htdocs\myCI4template\public\index.php(45): CodeIgniter\CodeIgniter->run()
#4 C:\xampp\htdocs\myCI4template\system\Commands\Server\rewrite.php(34): require_once('C:\\xampp\\htdocs...')
#5 {main}
CRITICAL - 2020-04-14 13:39:18 --> Undefined variable: path
#0 C:\xampp\htdocs\myCI4template\app\Controllers\BaseController.php(45): CodeIgniter\Debug\Exceptions->errorHandler(8, 'Undefined varia...', 'C:\\xampp\\htdocs...', 45, Array)
#1 C:\xampp\htdocs\myCI4template\system\CodeIgniter.php(883): App\Controllers\BaseController->initController(Object(CodeIgniter\HTTP\IncomingRequest), Object(CodeIgniter\HTTP\Response), Object(CodeIgniter\Log\Logger))
#2 C:\xampp\htdocs\myCI4template\system\CodeIgniter.php(393): CodeIgniter\CodeIgniter->createController()
#3 C:\xampp\htdocs\myCI4template\system\CodeIgniter.php(306): CodeIgniter\CodeIgniter->handleRequest(NULL, Object(Config\Cache), false)
#4 C:\xampp\htdocs\myCI4template\public\index.php(45): CodeIgniter\CodeIgniter->run()
#5 C:\xampp\htdocs\myCI4template\system\Commands\Server\rewrite.php(34): require_once('C:\\xampp\\htdocs...')
#6 {main}
CRITICAL - 2020-04-14 13:39:36 --> Too few arguments to function CodeIgniter\Files\File::__construct(), 0 passed in C:\xampp\htdocs\myCI4template\app\Controllers\BaseController.php on line 45 and at least 1 expected
#0 C:\xampp\htdocs\myCI4template\app\Controllers\BaseController.php(45): CodeIgniter\Files\File->__construct()
#1 C:\xampp\htdocs\myCI4template\system\CodeIgniter.php(883): App\Controllers\BaseController->initController(Object(CodeIgniter\HTTP\IncomingRequest), Object(CodeIgniter\HTTP\Response), Object(CodeIgniter\Log\Logger))
#2 C:\xampp\htdocs\myCI4template\system\CodeIgniter.php(393): CodeIgniter\CodeIgniter->createController()
#3 C:\xampp\htdocs\myCI4template\system\CodeIgniter.php(306): CodeIgniter\CodeIgniter->handleRequest(NULL, Object(Config\Cache), false)
#4 C:\xampp\htdocs\myCI4template\public\index.php(45): CodeIgniter\CodeIgniter->run()
#5 C:\xampp\htdocs\myCI4template\system\Commands\Server\rewrite.php(34): require_once('C:\\xampp\\htdocs...')
#6 {main}
CRITICAL - 2020-04-14 14:15:33 --> Too few arguments to function CodeIgniter\Files\File::__construct(), 0 passed in C:\xampp\htdocs\myCI4template\app\Controllers\BaseController.php on line 45 and at least 1 expected
#0 C:\xampp\htdocs\myCI4template\app\Controllers\BaseController.php(45): CodeIgniter\Files\File->__construct()
#1 C:\xampp\htdocs\myCI4template\system\CodeIgniter.php(883): App\Controllers\BaseController->initController(Object(CodeIgniter\HTTP\IncomingRequest), Object(CodeIgniter\HTTP\Response), Object(CodeIgniter\Log\Logger))
#2 C:\xampp\htdocs\myCI4template\system\CodeIgniter.php(393): CodeIgniter\CodeIgniter->createController()
#3 C:\xampp\htdocs\myCI4template\system\CodeIgniter.php(306): CodeIgniter\CodeIgniter->handleRequest(NULL, Object(Config\Cache), false)
#4 C:\xampp\htdocs\myCI4template\public\index.php(45): CodeIgniter\CodeIgniter->run()
#5 C:\xampp\htdocs\myCI4template\system\Commands\Server\rewrite.php(34): require_once('C:\\xampp\\htdocs...')
#6 {main}
CRITICAL - 2020-04-14 14:16:35 --> Too few arguments to function CodeIgniter\Files\File::__construct(), 0 passed in C:\xampp\htdocs\myCI4template\app\Controllers\BaseController.php on line 45 and at least 1 expected
#0 C:\xampp\htdocs\myCI4template\app\Controllers\BaseController.php(45): CodeIgniter\Files\File->__construct()
#1 C:\xampp\htdocs\myCI4template\system\CodeIgniter.php(883): App\Controllers\BaseController->initController(Object(CodeIgniter\HTTP\IncomingRequest), Object(CodeIgniter\HTTP\Response), Object(CodeIgniter\Log\Logger))
#2 C:\xampp\htdocs\myCI4template\system\CodeIgniter.php(393): CodeIgniter\CodeIgniter->createController()
#3 C:\xampp\htdocs\myCI4template\system\CodeIgniter.php(306): CodeIgniter\CodeIgniter->handleRequest(NULL, Object(Config\Cache), false)
#4 C:\xampp\htdocs\myCI4template\public\index.php(45): CodeIgniter\CodeIgniter->run()
#5 C:\xampp\htdocs\myCI4template\system\Commands\Server\rewrite.php(34): require_once('C:\\xampp\\htdocs...')
#6 {main}
CRITICAL - 2020-04-14 14:17:00 --> Call to a member function move() on null
#0 C:\xampp\htdocs\myCI4template\system\CodeIgniter.php(910): App\Controllers\UploadFiles->index()
#1 C:\xampp\htdocs\myCI4template\system\CodeIgniter.php(398): CodeIgniter\CodeIgniter->runController(Object(App\Controllers\UploadFiles))
#2 C:\xampp\htdocs\myCI4template\system\CodeIgniter.php(306): CodeIgniter\CodeIgniter->handleRequest(NULL, Object(Config\Cache), false)
#3 C:\xampp\htdocs\myCI4template\public\index.php(45): CodeIgniter\CodeIgniter->run()
#4 C:\xampp\htdocs\myCI4template\system\Commands\Server\rewrite.php(34): require_once('C:\\xampp\\htdocs...')
#5 {main}
CRITICAL - 2020-04-14 14:29:23 --> Call to a member function store() on null
#0 C:\xampp\htdocs\myCI4template\system\CodeIgniter.php(910): App\Controllers\UploadFiles->index()
#1 C:\xampp\htdocs\myCI4template\system\CodeIgniter.php(398): CodeIgniter\CodeIgniter->runController(Object(App\Controllers\UploadFiles))
#2 C:\xampp\htdocs\myCI4template\system\CodeIgniter.php(306): CodeIgniter\CodeIgniter->handleRequest(NULL, Object(Config\Cache), false)
#3 C:\xampp\htdocs\myCI4template\public\index.php(45): CodeIgniter\CodeIgniter->run()
#4 C:\xampp\htdocs\myCI4template\system\Commands\Server\rewrite.php(34): require_once('C:\\xampp\\htdocs...')
#5 {main}
CRITICAL - 2020-04-14 14:30:15 --> Call to a member function store() on null
#0 C:\xampp\htdocs\myCI4template\system\CodeIgniter.php(910): App\Controllers\UploadFiles->index()
#1 C:\xampp\htdocs\myCI4template\system\CodeIgniter.php(398): CodeIgniter\CodeIgniter->runController(Object(App\Controllers\UploadFiles))
#2 C:\xampp\htdocs\myCI4template\system\CodeIgniter.php(306): CodeIgniter\CodeIgniter->handleRequest(NULL, Object(Config\Cache), false)
#3 C:\xampp\htdocs\myCI4template\public\index.php(45): CodeIgniter\CodeIgniter->run()
#4 C:\xampp\htdocs\myCI4template\system\Commands\Server\rewrite.php(34): require_once('C:\\xampp\\htdocs...')
#5 {main}
CRITICAL - 2020-04-14 14:31:49 --> Undefined variable: path
#0 C:\xampp\htdocs\myCI4template\app\Controllers\UploadFiles.php(11): CodeIgniter\Debug\Exceptions->errorHandler(8, 'Undefined varia...', 'C:\\xampp\\htdocs...', 11, Array)
#1 C:\xampp\htdocs\myCI4template\system\CodeIgniter.php(910): App\Controllers\UploadFiles->index()
#2 C:\xampp\htdocs\myCI4template\system\CodeIgniter.php(398): CodeIgniter\CodeIgniter->runController(Object(App\Controllers\UploadFiles))
#3 C:\xampp\htdocs\myCI4template\system\CodeIgniter.php(306): CodeIgniter\CodeIgniter->handleRequest(NULL, Object(Config\Cache), false)
#4 C:\xampp\htdocs\myCI4template\public\index.php(45): CodeIgniter\CodeIgniter->run()
#5 C:\xampp\htdocs\myCI4template\system\Commands\Server\rewrite.php(34): require_once('C:\\xampp\\htdocs...')
#6 {main}
CRITICAL - 2020-04-14 14:32:29 --> Undefined variable: path
#0 C:\xampp\htdocs\myCI4template\app\Controllers\UploadFiles.php(12): CodeIgniter\Debug\Exceptions->errorHandler(8, 'Undefined varia...', 'C:\\xampp\\htdocs...', 12, Array)
#1 C:\xampp\htdocs\myCI4template\system\CodeIgniter.php(910): App\Controllers\UploadFiles->index()
#2 C:\xampp\htdocs\myCI4template\system\CodeIgniter.php(398): CodeIgniter\CodeIgniter->runController(Object(App\Controllers\UploadFiles))
#3 C:\xampp\htdocs\myCI4template\system\CodeIgniter.php(306): CodeIgniter\CodeIgniter->handleRequest(NULL, Object(Config\Cache), false)
#4 C:\xampp\htdocs\myCI4template\public\index.php(45): CodeIgniter\CodeIgniter->run()
#5 C:\xampp\htdocs\myCI4template\system\Commands\Server\rewrite.php(34): require_once('C:\\xampp\\htdocs...')
#6 {main}
CRITICAL - 2020-04-14 18:20:50 --> Call to undefined function form_open()
#0 C:\xampp\htdocs\myCI4template\system\View\View.php(236): include()
#1 C:\xampp\htdocs\myCI4template\system\Common.php(1071): CodeIgniter\View\View->render('templates/uploa...', Array, true)
#2 C:\xampp\htdocs\myCI4template\app\Controllers\UploadFiles.php(15): view('templates/uploa...')
#3 C:\xampp\htdocs\myCI4template\system\CodeIgniter.php(910): App\Controllers\UploadFiles->index()
#4 C:\xampp\htdocs\myCI4template\system\CodeIgniter.php(398): CodeIgniter\CodeIgniter->runController(Object(App\Controllers\UploadFiles))
#5 C:\xampp\htdocs\myCI4template\system\CodeIgniter.php(306): CodeIgniter\CodeIgniter->handleRequest(NULL, Object(Config\Cache), false)
#6 C:\xampp\htdocs\myCI4template\public\index.php(45): CodeIgniter\CodeIgniter->run()
#7 C:\xampp\htdocs\myCI4template\system\Commands\Server\rewrite.php(34): require_once('C:\\xampp\\htdocs...')
#8 {main}
CRITICAL - 2020-04-14 18:46:32 --> syntax error, unexpected ''gfile'' (T_CONSTANT_ENCAPSED_STRING), expecting variable (T_VARIABLE)
#0 C:\xampp\htdocs\myCI4template\system\Router\Router.php(192): CodeIgniter\Router\Router->autoRoute('UploadFiles')
#1 C:\xampp\htdocs\myCI4template\system\CodeIgniter.php(785): CodeIgniter\Router\Router->handle('UploadFiles')
#2 C:\xampp\htdocs\myCI4template\system\CodeIgniter.php(358): CodeIgniter\CodeIgniter->tryToRouteIt(Object(CodeIgniter\Router\RouteCollection))
#3 C:\xampp\htdocs\myCI4template\system\CodeIgniter.php(306): CodeIgniter\CodeIgniter->handleRequest(NULL, Object(Config\Cache), false)
#4 C:\xampp\htdocs\myCI4template\public\index.php(45): CodeIgniter\CodeIgniter->run()
#5 C:\xampp\htdocs\myCI4template\system\Commands\Server\rewrite.php(34): require_once('C:\\xampp\\htdocs...')
#6 {main}
CRITICAL - 2020-04-14 18:47:07 --> Too few arguments to function App\Controllers\UploadFiles::uploads(), 0 passed in C:\xampp\htdocs\myCI4template\system\CodeIgniter.php on line 910 and exactly 1 expected
#0 C:\xampp\htdocs\myCI4template\system\CodeIgniter.php(910): App\Controllers\UploadFiles->uploads()
#1 C:\xampp\htdocs\myCI4template\system\CodeIgniter.php(398): CodeIgniter\CodeIgniter->runController(Object(App\Controllers\UploadFiles))
#2 C:\xampp\htdocs\myCI4template\system\CodeIgniter.php(306): CodeIgniter\CodeIgniter->handleRequest(NULL, Object(Config\Cache), false)
#3 C:\xampp\htdocs\myCI4template\public\index.php(45): CodeIgniter\CodeIgniter->run()
#4 C:\xampp\htdocs\myCI4template\system\Commands\Server\rewrite.php(34): require_once('C:\\xampp\\htdocs...')
#5 {main}
